antoniosalazary@ip-172-31-21-250:~$ curl -fsSL https://apt.releases.hashicorp.com/gpg | sudo apt-key add -
OK
antoniosalazary@ip-172-31-21-250:~$ sudo apt-add-repository "deb [arch=amd64] https://apt.releases.hashicorp.com $(lsb_release -cs) main"
Hit:1 http://us-east-1.ec2.archive.ubuntu.com/ubuntu focal InRelease
Hit:2 http://us-east-1.ec2.archive.ubuntu.com/ubuntu focal-updates InRelease                                                                                                                      
Hit:3 http://us-east-1.ec2.archive.ubuntu.com/ubuntu focal-backports InRelease                                                                                                                    
Hit:5 https://apt.releases.hashicorp.com focal InRelease                                                                                                                                                      
Hit:6 https://dl.google.com/linux/chrome/deb stable InRelease                                                                                                                                                 
Ign:4 https://pkg.jenkins.io/debian-stable binary/ InRelease                                                                                                                                                  
Hit:7 https://pkg.jenkins.io/debian-stable binary/ Release                                                                                                                                                    
Hit:9 http://repo.zabbix.com/zabbix/5.0/ubuntu focal InRelease                                                                                                                                              
Get:10 http://security.ubuntu.com/ubuntu focal-security InRelease [114 kB]                                                    
Hit:11 http://ppa.launchpad.net/ansible/ansible/ubuntu focal InRelease          
Hit:8 https://packages.cloud.google.com/apt kubernetes-xenial InRelease                                      
Hit:12 http://ppa.launchpad.net/deadsnakes/ppa/ubuntu focal InRelease                                        
Hit:13 http://ppa.launchpad.net/git-core/ppa/ubuntu focal InRelease                    
Fetched 114 kB in 1s (113 kB/s)
Reading package lists... Done
antoniosalazary@ip-172-31-21-250:~$ sudo apt-get update && sudo apt-get install terraform
Hit:1 http://us-east-1.ec2.archive.ubuntu.com/ubuntu focal InRelease
Hit:2 http://us-east-1.ec2.archive.ubuntu.com/ubuntu focal-updates InRelease                                                                                                                                  
Hit:3 http://us-east-1.ec2.archive.ubuntu.com/ubuntu focal-backports InRelease                                                                                                                                
Hit:5 https://dl.google.com/linux/chrome/deb stable InRelease                                                                                                                                                 
Ign:4 https://pkg.jenkins.io/debian-stable binary/ InRelease                                                                                                                                                  
Hit:6 https://apt.releases.hashicorp.com focal InRelease                                                                                                                                                      
Hit:7 https://pkg.jenkins.io/debian-stable binary/ Release                                                                                                                                            
Hit:8 https://packages.cloud.google.com/apt kubernetes-xenial InRelease                                                                                                         
Hit:9 http://repo.zabbix.com/zabbix/5.0/ubuntu focal InRelease                                                                                            
Get:10 http://security.ubuntu.com/ubuntu focal-security InRelease [114 kB]
Hit:11 http://ppa.launchpad.net/ansible/ansible/ubuntu focal InRelease
Hit:12 http://ppa.launchpad.net/deadsnakes/ppa/ubuntu focal InRelease                  
Hit:13 http://ppa.launchpad.net/git-core/ppa/ubuntu focal InRelease                    
Fetched 114 kB in 1s (112 kB/s)
Reading package lists... Done
Reading package lists... Done
Building dependency tree       
Reading state information... Done
The following packages were automatically installed and are no longer required:
  linux-aws-5.11-headers-5.11.0-1022 linux-headers-5.11.0-1022-aws linux-image-5.11.0-1022-aws linux-modules-5.11.0-1022-aws
Use 'sudo apt autoremove' to remove them.
The following NEW packages will be installed:
  terraform
0 upgraded, 1 newly installed, 0 to remove and 119 not upgraded.
Need to get 0 B/19.9 MB of archives.
After this operation, 62.9 MB of additional disk space will be used.
Selecting previously unselected package terraform.
(Reading database ... 270648 files and directories currently installed.)
Preparing to unpack .../terraform_1.2.3_amd64.deb ...
Unpacking terraform (1.2.3) ...
Setting up terraform (1.2.3) ...
antoniosalazary@ip-172-31-21-250:~$ sudo terraform --version
Terraform v1.2.3
on linux_amd64
